<?xml version="1.0" encoding="UTF-8"?>
<testsuite name="TestSuite" time="1.884" tests="1" errors="0" skipped="0" failures="1">
  <properties>
    <property name="idea.version" value="2021.2.3"/>
    <property name="java.runtime.name" value="Java(TM) SE Runtime Environment"/>
    <property name="sun.boot.library.path" value="C:\Program Files\Java\jdk1.8.0_291\jre\bin"/>
    <property name="java.vm.version" value="25.291-b10"/>
    <property name="java.vm.vendor" value="Oracle Corporation"/>
    <property name="maven.multiModuleProjectDirectory" value="C:\Users\T490S\IdeaProjects\maventest"/>
    <property name="java.vendor.url" value="http://java.oracle.com/"/>
    <property name="path.separator" value=";"/>
    <property name="guice.disable.misplaced.annotation.check" value="true"/>
    <property name="java.vm.name" value="Java HotSpot(TM) 64-Bit Server VM"/>
    <property name="file.encoding.pkg" value="sun.io"/>
    <property name="user.script" value=""/>
    <property name="user.country" value="CN"/>
    <property name="sun.java.launcher" value="SUN_STANDARD"/>
    <property name="sun.os.patch.level" value=""/>
    <property name="java.vm.specification.name" value="Java Virtual Machine Specification"/>
    <property name="user.dir" value="C:\Users\T490S\IdeaProjects\maventest"/>
    <property name="java.runtime.version" value="1.8.0_291-b10"/>
    <property name="java.awt.graphicsenv" value="sun.awt.Win32GraphicsEnvironment"/>
    <property name="basedir" value="C:\Users\T490S\IdeaProjects\maventest"/>
    <property name="java.endorsed.dirs" value="C:\Program Files\Java\jdk1.8.0_291\jre\lib\endorsed"/>
    <property name="os.arch" value="amd64"/>
    <property name="java.io.tmpdir" value="C:\Users\T490S\AppData\Local\Temp\"/>
    <property name="line.separator" value="&#10;"/>
    <property name="java.vm.specification.vendor" value="Oracle Corporation"/>
    <property name="user.variant" value=""/>
    <property name="os.name" value="Windows 10"/>
    <property name="maven.ext.class.path" value="C:\Program Files\JetBrains\IntelliJ IDEA 2021.2.3\plugins\maven\lib\maven-event-listener.jar"/>
    <property name="classworlds.conf" value="C:\Program Files\JetBrains\IntelliJ IDEA 2021.2.3\plugins\maven\lib\maven3\bin\m2.conf"/>
    <property name="sun.jnu.encoding" value="GBK"/>
    <property name="java.library.path" value="C:\Program Files\Java\jdk1.8.0_291\bin;C:\Windows\Sun\Java\bin;C:\Windows\system32;C:\Windows;C:\Program Files (x86)\Common Files\Oracle\Java\javapath;C:\Windows\system32;C:\Windows;C:\Windows\System32\Wbem;C:\Windows\System32\WindowsPowerShell\v1.0\;C:\Windows\System32\OpenSSH\;C:\Program Files\Intel\WiFi\bin\;C:\Program Files\Common Files\Intel\WirelessCommon\;%JAVA_HOME%\bin;C:\Users\T490S\AppData\Local\Programs\Python\Python36\Scripts\;C:\Users\T490S\AppData\Local\Programs\Python\Python36\;C:\Users\T490S\AppData\Local\Microsoft\WindowsApps;;C:\Program Files\JetBrains\PyCharm 2021.2.3\bin;;C:\Program Files\JetBrains\IntelliJ IDEA 2021.2.3\bin;;."/>
    <property name="surefire.test.class.path" value="C:\Users\T490S\IdeaProjects\maventest\target\test-classes;C:\Users\T490S\IdeaProjects\maventest\target\classes;C:\Users\T490S\.m2\repository\junit\junit\4.10\junit-4.10.jar;C:\Users\T490S\.m2\repository\org\hamcrest\hamcrest-core\1.1\hamcrest-core-1.1.jar;C:\Users\T490S\.m2\repository\org\testng\testng\6.10\testng-6.10.jar;C:\Users\T490S\.m2\repository\com\beust\jcommander\1.48\jcommander-1.48.jar;C:\Users\T490S\.m2\repository\org\springframework\spring-core\4.0.6.RELEASE\spring-core-4.0.6.RELEASE.jar;C:\Users\T490S\.m2\repository\commons-logging\commons-logging\1.1.3\commons-logging-1.1.3.jar;C:\Users\T490S\.m2\repository\org\springframework\spring-context\4.0.6.RELEASE\spring-context-4.0.6.RELEASE.jar;C:\Users\T490S\.m2\repository\org\springframework\spring-aop\4.0.6.RELEASE\spring-aop-4.0.6.RELEASE.jar;C:\Users\T490S\.m2\repository\aopalliance\aopalliance\1.0\aopalliance-1.0.jar;C:\Users\T490S\.m2\repository\org\springframework\spring-beans\4.0.6.RELEASE\spring-beans-4.0.6.RELEASE.jar;C:\Users\T490S\.m2\repository\org\springframework\spring-expression\4.0.6.RELEASE\spring-expression-4.0.6.RELEASE.jar;C:\Users\T490S\.m2\repository\org\slf4j\slf4j-api\1.7.22\slf4j-api-1.7.22.jar;C:\Users\T490S\.m2\repository\org\slf4j\slf4j-log4j12\1.7.22\slf4j-log4j12-1.7.22.jar;C:\Users\T490S\.m2\repository\log4j\log4j\1.2.17\log4j-1.2.17.jar;C:\Users\T490S\.m2\repository\org\apache\zookeeper\zookeeper\3.4.10\zookeeper-3.4.10.jar;C:\Users\T490S\.m2\repository\jline\jline\0.9.94\jline-0.9.94.jar;C:\Users\T490S\.m2\repository\io\netty\netty\3.10.5.Final\netty-3.10.5.Final.jar;C:\Users\T490S\.m2\repository\com\101tec\zkclient\0.5\zkclient-0.5.jar;C:\Users\T490S\.m2\repository\org\apache\curator\curator-framework\2.8.0\curator-framework-2.8.0.jar;C:\Users\T490S\.m2\repository\org\apache\curator\curator-client\2.8.0\curator-client-2.8.0.jar;C:\Users\T490S\.m2\repository\com\google\guava\guava\16.0.1\guava-16.0.1.jar;C:\Users\T490S\.m2\repository\org\apache\curator\curator-recipes\2.8.0\curator-recipes-2.8.0.jar;C:\Users\T490S\.m2\repository\io\netty\netty-all\4.0.35.Final\netty-all-4.0.35.Final.jar;C:\Users\T490S\.m2\repository\org\apache\dubbo\dubbo\2.7.2\dubbo-2.7.2.jar;C:\Users\T490S\.m2\repository\org\javassist\javassist\3.20.0-GA\javassist-3.20.0-GA.jar;C:\Users\T490S\.m2\repository\com\google\code\gson\gson\2.8.5\gson-2.8.5.jar;C:\Users\T490S\.m2\repository\org\yaml\snakeyaml\1.20\snakeyaml-1.20.jar;C:\Users\T490S\.m2\repository\org\apache\maven\surefire\surefire-testng-utils\2.15\surefire-testng-utils-2.15.jar;C:\Users\T490S\.m2\repository\org\apache\maven\surefire\surefire-grouper\2.15\surefire-grouper-2.15.jar;"/>
    <property name="sun.nio.ch.bugLevel" value=""/>
    <property name="maven.conf" value="C:\Program Files\JetBrains\IntelliJ IDEA 2021.2.3\plugins\maven\lib\maven3/conf"/>
    <property name="java.class.version" value="52.0"/>
    <property name="java.specification.name" value="Java Platform API Specification"/>
    <property name="sun.management.compiler" value="HotSpot 64-Bit Tiered Compilers"/>
    <property name="os.version" value="10.0"/>
    <property name="user.home" value="C:\Users\T490S"/>
    <property name="user.timezone" value="Asia/Shanghai"/>
    <property name="java.awt.printerjob" value="sun.awt.windows.WPrinterJob"/>
    <property name="java.specification.version" value="1.8"/>
    <property name="file.encoding" value="UTF-8"/>
    <property name="user.name" value="T490S"/>
    <property name="java.class.path" value="C:\Program Files\JetBrains\IntelliJ IDEA 2021.2.3\plugins\maven\lib\maven3\boot\plexus-classworlds-2.6.0.jar;C:\Program Files\JetBrains\IntelliJ IDEA 2021.2.3\plugins\maven\lib\maven3\boot\plexus-classworlds.license;C:\Program Files\JetBrains\IntelliJ IDEA 2021.2.3\lib\idea_rt.jar"/>
    <property name="java.vm.specification.version" value="1.8"/>
    <property name="sun.arch.data.model" value="64"/>
    <property name="java.home" value="C:\Program Files\Java\jdk1.8.0_291\jre"/>
    <property name="sun.java.command" value="org.codehaus.classworlds.Launcher -Didea.version=2021.2.3 --update-snapshots test"/>
    <property name="java.specification.vendor" value="Oracle Corporation"/>
    <property name="user.language" value="zh"/>
    <property name="awt.toolkit" value="sun.awt.windows.WToolkit"/>
    <property name="java.vm.info" value="mixed mode"/>
    <property name="java.version" value="1.8.0_291"/>
    <property name="java.ext.dirs" value="C:\Program Files\Java\jdk1.8.0_291\jre\lib\ext;C:\Windows\Sun\Java\lib\ext"/>
    <property name="sun.boot.class.path" value="C:\Program Files\Java\jdk1.8.0_291\jre\lib\resources.jar;C:\Program Files\Java\jdk1.8.0_291\jre\lib\rt.jar;C:\Program Files\Java\jdk1.8.0_291\jre\lib\sunrsasign.jar;C:\Program Files\Java\jdk1.8.0_291\jre\lib\jsse.jar;C:\Program Files\Java\jdk1.8.0_291\jre\lib\jce.jar;C:\Program Files\Java\jdk1.8.0_291\jre\lib\charsets.jar;C:\Program Files\Java\jdk1.8.0_291\jre\lib\jfr.jar;C:\Program Files\Java\jdk1.8.0_291\jre\classes"/>
    <property name="java.vendor" value="Oracle Corporation"/>
    <property name="maven.home" value="C:\Program Files\JetBrains\IntelliJ IDEA 2021.2.3\plugins\maven\lib\maven3"/>
    <property name="localRepository" value="C:\Users\T490S\.m2\repository"/>
    <property name="file.separator" value="\"/>
    <property name="java.vendor.url.bug" value="http://bugreport.sun.com/bugreport/"/>
    <property name="sun.cpu.endian" value="little"/>
    <property name="sun.io.unicode.encoding" value="UnicodeLittle"/>
    <property name="sun.desktop" value="windows"/>
    <property name="sun.cpu.isalist" value="amd64"/>
  </properties>
  <testcase name="testAdd" classname="com.maventest.Mtest" time="1.884">
    <failure message="Fail to start server(url: dubbo://192.168.237.179:20000/com.maventest.MI?anyhost=true&amp;application=maventest&amp;bean.name=com.maventest.MI&amp;bind.ip=192.168.237.179&amp;bind.port=20000&amp;channel.readonly.sent=true&amp;codec=dubbo&amp;deprecated=false&amp;dubbo=2.0.2&amp;dynamic=true&amp;generic=false&amp;heartbeat=60000&amp;interface=com.maventest.MI&amp;methods=addNum,insertSort&amp;pid=14668&amp;register=true&amp;release=2.7.2&amp;side=provider&amp;timestamp=1637576935149) Failed to bind NettyServer on /192.168.237.179:20000, cause: Address already in use: bind" type="org.apache.dubbo.rpc.RpcException"><![CDATA[org.apache.dubbo.rpc.RpcException: Fail to start server(url: dubbo://192.168.237.179:20000/com.maventest.MI?anyhost=true&application=maventest&bean.name=com.maventest.MI&bind.ip=192.168.237.179&bind.port=20000&channel.readonly.sent=true&codec=dubbo&deprecated=false&dubbo=2.0.2&dynamic=true&generic=false&heartbeat=60000&interface=com.maventest.MI&methods=addNum,insertSort&pid=14668&register=true&release=2.7.2&side=provider&timestamp=1637576935149) Failed to bind NettyServer on /192.168.237.179:20000, cause: Address already in use: bind
	at org.apache.dubbo.remoting.transport.AbstractServer.<init>(AbstractServer.java:77)
	at org.apache.dubbo.remoting.transport.netty4.NettyServer.<init>(NettyServer.java:70)
	at org.apache.dubbo.remoting.transport.netty4.NettyTransporter.bind(NettyTransporter.java:32)
	at org.apache.dubbo.remoting.Transporter$Adaptive.bind(Transporter$Adaptive.java)
	at org.apache.dubbo.remoting.Transporters.bind(Transporters.java:56)
	at org.apache.dubbo.remoting.exchange.support.header.HeaderExchanger.bind(HeaderExchanger.java:44)
	at org.apache.dubbo.remoting.exchange.Exchangers.bind(Exchangers.java:70)
	at org.apache.dubbo.rpc.protocol.dubbo.DubboProtocol.createServer(DubboProtocol.java:349)
	at org.apache.dubbo.rpc.protocol.dubbo.DubboProtocol.openServer(DubboProtocol.java:323)
	at org.apache.dubbo.rpc.protocol.dubbo.DubboProtocol.export(DubboProtocol.java:306)
	at org.apache.dubbo.rpc.protocol.ProtocolFilterWrapper.export(ProtocolFilterWrapper.java:122)
	at org.apache.dubbo.rpc.protocol.ProtocolListenerWrapper.export(ProtocolListenerWrapper.java:61)
	at org.apache.dubbo.qos.protocol.QosProtocolWrapper.export(QosProtocolWrapper.java:63)
	at org.apache.dubbo.rpc.Protocol$Adaptive.export(Protocol$Adaptive.java)
	at org.apache.dubbo.registry.integration.RegistryProtocol.lambda$doLocalExport$2(RegistryProtocol.java:245)
	at java.util.concurrent.ConcurrentHashMap.computeIfAbsent(ConcurrentHashMap.java:1660)
	at org.apache.dubbo.registry.integration.RegistryProtocol.doLocalExport(RegistryProtocol.java:243)
	at org.apache.dubbo.registry.integration.RegistryProtocol.export(RegistryProtocol.java:209)
	at org.apache.dubbo.rpc.protocol.ProtocolFilterWrapper.export(ProtocolFilterWrapper.java:120)
	at org.apache.dubbo.rpc.protocol.ProtocolListenerWrapper.export(ProtocolListenerWrapper.java:59)
	at org.apache.dubbo.qos.protocol.QosProtocolWrapper.export(QosProtocolWrapper.java:61)
	at org.apache.dubbo.rpc.Protocol$Adaptive.export(Protocol$Adaptive.java)
	at org.apache.dubbo.config.ServiceConfig.doExportUrlsFor1Protocol(ServiceConfig.java:607)
	at org.apache.dubbo.config.ServiceConfig.doExportUrls(ServiceConfig.java:457)
	at org.apache.dubbo.config.ServiceConfig.doExport(ServiceConfig.java:415)
	at org.apache.dubbo.config.ServiceConfig.export(ServiceConfig.java:378)
	at org.apache.dubbo.config.spring.ServiceBean.export(ServiceBean.java:336)
	at org.apache.dubbo.config.spring.ServiceBean.onApplicationEvent(ServiceBean.java:114)
	at org.apache.dubbo.config.spring.ServiceBean.onApplicationEvent(ServiceBean.java:60)
	at org.springframework.context.event.SimpleApplicationEventMulticaster.multicastEvent(SimpleApplicationEventMulticaster.java:98)
	at org.springframework.context.support.AbstractApplicationContext.publishEvent(AbstractApplicationContext.java:333)
	at org.springframework.context.support.AbstractApplicationContext.finishRefresh(AbstractApplicationContext.java:776)
	at org.springframework.context.support.AbstractApplicationContext.refresh(AbstractApplicationContext.java:485)
	at org.springframework.context.support.ClassPathXmlApplicationContext.<init>(ClassPathXmlApplicationContext.java:139)
	at org.springframework.context.support.ClassPathXmlApplicationContext.<init>(ClassPathXmlApplicationContext.java:83)
	at com.maventest.Mtest.testAdd(Mtest.java:15)
Caused by: java.net.BindException: Address already in use: bind
	at sun.nio.ch.Net.bind0(Native Method)
	at sun.nio.ch.Net.bind(Net.java:438)
	at sun.nio.ch.Net.bind(Net.java:430)
	at sun.nio.ch.ServerSocketChannelImpl.bind(ServerSocketChannelImpl.java:225)
	at sun.nio.ch.ServerSocketAdaptor.bind(ServerSocketAdaptor.java:74)
	at io.netty.channel.socket.nio.NioServerSocketChannel.doBind(NioServerSocketChannel.java:125)
	at io.netty.channel.AbstractChannel$AbstractUnsafe.bind(AbstractChannel.java:498)
	at io.netty.channel.DefaultChannelPipeline$HeadContext.bind(DefaultChannelPipeline.java:1271)
	at io.netty.channel.AbstractChannelHandlerContext.invokeBind(AbstractChannelHandlerContext.java:413)
	at io.netty.channel.AbstractChannelHandlerContext.bind(AbstractChannelHandlerContext.java:399)
	at io.netty.channel.DefaultChannelPipeline.bind(DefaultChannelPipeline.java:1019)
	at io.netty.channel.AbstractChannel.bind(AbstractChannel.java:198)
	at io.netty.bootstrap.AbstractBootstrap$2.run(AbstractBootstrap.java:349)
	at io.netty.util.concurrent.SingleThreadEventExecutor.runAllTasks(SingleThreadEventExecutor.java:358)
	at io.netty.channel.nio.NioEventLoop.run(NioEventLoop.java:357)
	at io.netty.util.concurrent.SingleThreadEventExecutor$2.run(SingleThreadEventExecutor.java:112)
	at io.netty.util.concurrent.DefaultThreadFactory$DefaultRunnableDecorator.run(DefaultThreadFactory.java:137)
	at java.lang.Thread.run(Thread.java:748)
]]></failure>
    <system-err>log4j:WARN No appenders could be found for logger (org.springframework.core.env.StandardEnvironment).
log4j:WARN Please initialize the log4j system properly.
log4j:WARN See http://logging.apache.org/log4j/1.2/faq.html#noconfig for more info.
</system-err>
  </testcase>
</testsuite>