<?xml version="1.0" encoding="UTF-8"?>
<!-- Generated by org.testng.reporters.JUnitReportReporter -->
<testsuite name="com.maventest.Mtest" tests="1" time="1.683" ignored="0" failures="0" timestamp="27 十一月 2021 08:18:28 GMT" skipped="0" hostname="DESKTOP-1QT3191" errors="0">
  <testcase name="testAdd" time="1.683" classname="com.maventest.Mtest"/>
</testsuite> <!-- com.maventest.Mtest -->
